ts="2026-01-05T13:45:42.095+09:00" level=info depth=0 tid=3547698 file="example.cpp" line=79 func="main" msg="main: starting"
ts="2026-01-05T13:45:42.095+09:00" level=info depth=1 tid=3547698 file="example.cpp" line=46 func="top" msg="top: enter"
ts="2026-01-05T13:45:42.095+09:00" level=info depth=2 tid=3547698 file="example.cpp" line=36 func="middle" msg="middle: n=0"
ts="2026-01-05T13:45:42.095+09:00" level=info depth=3 tid=3547698 file="example.cpp" line=21 func="leaf_ok" msg="leaf_ok: work done"
ts="2026-01-05T13:45:42.095+09:00" level=info depth=3 tid=3547698 file="example.cpp" line=26 func="leaf_early_return" msg="leaf_early_return: entered"
ts="2026-01-05T13:45:42.095+09:00" level=warning depth=3 tid=3547698 file="example.cpp" line=28 func="leaf_early_return" msg="leaf_early_return: bailing out early"
ts="2026-01-05T13:45:42.095+09:00" level=info depth=2 tid=3547698 file="example.cpp" line=41 func="middle" msg="middle: leaving"
ts="2026-01-05T13:45:42.095+09:00" level=info depth=2 tid=3547698 file="example.cpp" line=36 func="middle" msg="middle: n=1"
ts="2026-01-05T13:45:42.095+09:00" level=info depth=3 tid=3547698 file="example.cpp" line=21 func="leaf_ok" msg="leaf_ok: work done"
ts="2026-01-05T13:45:42.095+09:00" level=info depth=3 tid=3547698 file="example.cpp" line=26 func="leaf_early_return" msg="leaf_early_return: entered"
ts="2026-01-05T13:45:42.095+09:00" level=info depth=3 tid=3547698 file="example.cpp" line=31 func="leaf_early_return" msg="leaf_early_return: continuing"
ts="2026-01-05T13:45:42.095+09:00" level=info depth=2 tid=3547698 file="example.cpp" line=41 func="middle" msg="middle: leaving"
ts="2026-01-05T13:45:42.095+09:00" level=info depth=2 tid=3547698 file="example.cpp" line=36 func="middle" msg="middle: n=2"
ts="2026-01-05T13:45:42.095+09:00" level=info depth=3 tid=3547698 file="example.cpp" line=21 func="leaf_ok" msg="leaf_ok: work done"
ts="2026-01-05T13:45:42.095+09:00" level=info depth=3 tid=3547698 file="example.cpp" line=26 func="leaf_early_return" msg="leaf_early_return: entered"
ts="2026-01-05T13:45:42.095+09:00" level=warning depth=3 tid=3547698 file="example.cpp" line=28 func="leaf_early_return" msg="leaf_early_return: bailing out early"
ts="2026-01-05T13:45:42.095+09:00" level=info depth=2 tid=3547698 file="example.cpp" line=41 func="middle" msg="middle: leaving"
ts="2026-01-05T13:45:42.095+09:00" level=info depth=1 tid=3547698 file="example.cpp" line=52 func="top" msg="top: exit"
ts="2026-01-05T13:45:42.095+09:00" level=info depth=1 tid=3547700 file="example.cpp" line=58 func="thread_entry" msg="thread_entry: idx=0"
ts="2026-01-05T13:45:42.095+09:00" level=info depth=2 tid=3547700 file="example.cpp" line=46 func="top" msg="top: enter"
ts="2026-01-05T13:45:42.095+09:00" level=info depth=3 tid=3547700 file="example.cpp" line=36 func="middle" msg="middle: n=0"
ts="2026-01-05T13:45:42.095+09:00" level=info depth=4 tid=3547700 file="example.cpp" line=21 func="leaf_ok" msg="leaf_ok: work done"
ts="2026-01-05T13:45:42.095+09:00" level=info depth=4 tid=3547700 file="example.cpp" line=26 func="leaf_early_return" msg="leaf_early_return: entered"
ts="2026-01-05T13:45:42.095+09:00" level=warning depth=4 tid=3547700 file="example.cpp" line=28 func="leaf_early_return" msg="leaf_early_return: bailing out early"
ts="2026-01-05T13:45:42.095+09:00" level=info depth=3 tid=3547700 file="example.cpp" line=41 func="middle" msg="middle: leaving"
ts="2026-01-05T13:45:42.095+09:00" level=info depth=3 tid=3547700 file="example.cpp" line=36 func="middle" msg="middle: n=1"
ts="2026-01-05T13:45:42.095+09:00" level=info depth=4 tid=3547700 file="example.cpp" line=21 func="leaf_ok" msg="leaf_ok: work done"
ts="2026-01-05T13:45:42.095+09:00" level=info depth=4 tid=3547700 file="example.cpp" line=26 func="leaf_early_return" msg="leaf_early_return: entered"
ts="2026-01-05T13:45:42.095+09:00" level=info depth=4 tid=3547700 file="example.cpp" line=31 func="leaf_early_return" msg="leaf_early_return: continuing"
ts="2026-01-05T13:45:42.095+09:00" level=info depth=3 tid=3547700 file="example.cpp" line=41 func="middle" msg="middle: leaving"
ts="2026-01-05T13:45:42.095+09:00" level=info depth=3 tid=3547700 file="example.cpp" line=36 func="middle" msg="middle: n=2"
ts="2026-01-05T13:45:42.095+09:00" level=info depth=4 tid=3547700 file="example.cpp" line=21 func="leaf_ok" msg="leaf_ok: work done"
ts="2026-01-05T13:45:42.095+09:00" level=info depth=4 tid=3547700 file="example.cpp" line=26 func="leaf_early_return" msg="leaf_early_return: entered"
ts="2026-01-05T13:45:42.095+09:00" level=warning depth=4 tid=3547700 file="example.cpp" line=28 func="leaf_early_return" msg="leaf_early_return: bailing out early"
ts="2026-01-05T13:45:42.095+09:00" level=info depth=3 tid=3547700 file="example.cpp" line=41 func="middle" msg="middle: leaving"
ts="2026-01-05T13:45:42.095+09:00" level=info depth=2 tid=3547700 file="example.cpp" line=52 func="top" msg="top: exit"
ts="2026-01-05T13:45:42.095+09:00" level=info depth=1 tid=3547700 file="example.cpp" line=62 func="thread_entry" msg="thread_entry: done idx=0"
ts="2026-01-05T13:45:42.095+09:00" level=info depth=1 tid=3547701 file="example.cpp" line=58 func="thread_entry" msg="thread_entry: idx=1"
ts="2026-01-05T13:45:42.095+09:00" level=info depth=2 tid=3547701 file="example.cpp" line=46 func="top" msg="top: enter"
ts="2026-01-05T13:45:42.095+09:00" level=info depth=3 tid=3547701 file="example.cpp" line=36 func="middle" msg="middle: n=0"
ts="2026-01-05T13:45:42.095+09:00" level=info depth=4 tid=3547701 file="example.cpp" line=21 func="leaf_ok" msg="leaf_ok: work done"
ts="2026-01-05T13:45:42.095+09:00" level=info depth=4 tid=3547701 file="example.cpp" line=26 func="leaf_early_return" msg="leaf_early_return: entered"
ts="2026-01-05T13:45:42.095+09:00" level=warning depth=4 tid=3547701 file="example.cpp" line=28 func="leaf_early_return" msg="leaf_early_return: bailing out early"
ts="2026-01-05T13:45:42.095+09:00" level=info depth=3 tid=3547701 file="example.cpp" line=41 func="middle" msg="middle: leaving"
ts="2026-01-05T13:45:42.095+09:00" level=info depth=3 tid=3547701 file="example.cpp" line=36 func="middle" msg="middle: n=1"
ts="2026-01-05T13:45:42.095+09:00" level=info depth=4 tid=3547701 file="example.cpp" line=21 func="leaf_ok" msg="leaf_ok: work done"
ts="2026-01-05T13:45:42.095+09:00" level=info depth=4 tid=3547701 file="example.cpp" line=26 func="leaf_early_return" msg="leaf_early_return: entered"
ts="2026-01-05T13:45:42.095+09:00" level=info depth=4 tid=3547701 file="example.cpp" line=31 func="leaf_early_return" msg="leaf_early_return: continuing"
ts="2026-01-05T13:45:42.095+09:00" level=info depth=3 tid=3547701 file="example.cpp" line=41 func="middle" msg="middle: leaving"
ts="2026-01-05T13:45:42.095+09:00" level=info depth=3 tid=3547701 file="example.cpp" line=36 func="middle" msg="middle: n=2"
ts="2026-01-05T13:45:42.095+09:00" level=info depth=4 tid=3547701 file="example.cpp" line=21 func="leaf_ok" msg="leaf_ok: work done"
ts="2026-01-05T13:45:42.095+09:00" level=info depth=4 tid=3547701 file="example.cpp" line=26 func="leaf_early_return" msg="leaf_early_return: entered"
ts="2026-01-05T13:45:42.095+09:00" level=warning depth=4 tid=3547701 file="example.cpp" line=28 func="leaf_early_return" msg="leaf_early_return: bailing out early"
ts="2026-01-05T13:45:42.095+09:00" level=info depth=3 tid=3547701 file="example.cpp" line=41 func="middle" msg="middle: leaving"
ts="2026-01-05T13:45:42.095+09:00" level=info depth=2 tid=3547701 file="example.cpp" line=52 func="top" msg="top: exit"
ts="2026-01-05T13:45:42.095+09:00" level=info depth=1 tid=3547701 file="example.cpp" line=62 func="thread_entry" msg="thread_entry: done idx=1"
ts="2026-01-05T13:45:42.095+09:00" level=info depth=0 tid=3547698 file="example.cpp" line=92 func="main" msg="main: done"
